<?xml version="1.0" encoding="UTF-8"?>
<testsuite xmlns:xsi="http://www.w3.org/2001/XMLSchema-instance" xsi:noNamespaceSchemaLocation="https://maven.apache.org/surefire/maven-surefire-plugin/xsd/surefire-test-report-3.0.xsd" version="3.0" name="com.upb.agripos.ProductTest" time="0.049" tests="7" errors="0" skipped="0" failures="0">
  <properties>
[...]
</properties>
  <testcase name="testUpdatePrice" classname="com.upb.agripos.ProductTest" time="0.01"/>
  <testcase name="testUpdateStock" classname="com.upb.agripos.ProductTest" time="0.003"/>
  <testcase name="testProductNotNull" classname="com.upb.agripos.ProductTest" time="0.0"/>
  <testcase name="testProductPrice" classname="com.upb.agripos.ProductTest" time="0.005"/>
  <testcase name="testProductStock" classname="com.upb.agripos.ProductTest" time="0.006"/>
  <testcase name="testProductCode" classname="com.upb.agripos.ProductTest" time="0.003"/>
  <testcase name="testProductName" classname="com.upb.agripos.ProductTest" time="0.002"/>
</testsuite>